[0/2] Re-checking globbed directories...
ninja: no work to do.
[Blockchain] Contract deployed and ready
[Blockchain] UAV registered fbbee1bd
Register PID is fbbee1bd6abaf36e0443eb7de8476c5459ca76f2846c1699f414db3cc8e09e37
[Blockchain] register_uav failed: ('execution reverted: VM Exception while processing transaction: revert Already registered', {'hash': None, 'programCounter': 414, 'result': '0x08c379a000000000000000000000000000000000000000000000000000000000000000200000000000000000000000000000000000000000000000000000000000000012416c726561647920726567697374657265640000000000000000000000000000', 'reason': 'Already registered', 'message': 'revert'})
Register PID is fbbee1bd6abaf36e0443eb7de8476c5459ca76f2846c1699f414db3cc8e09e37
[PRE-REG] UAV-1 PID fbbee1bd

===== 启动仿真 =====

[ZSP-0] Service Started
[ZSP-1] Service Started
[UAV-1] Application Started
[DEBUG] UAV-1 connected to 10.1.1.1:9999
[UAV-1] Connected to ZSP-0
[UAV-1] Trigger D2Z Authentication
[Schedule] 计划在 0.5s 后发起 D2Z 认证...
[UAV-1] 发送 M1 请求, Ni=0.8923...
[ZSP-0] M1 验证通过. UAV=1, Ni=0.8923...
[UAV-1] 验证 ZSP 成功! 收到 Ns=0.3319...
[UAV-1] 发送 M3 和 M4 确认消息.
[UAV-1] 会话密钥建立: 0xa9c4656fb84a7e90310257b6e30a05506c802918842c5e3bac860cd302b1690c
[ZSP-0] M3/M4 验证通过. UAV=1, Ni=0.3681...
[ZSP-0] 旧 CRP 是: 0.11 0.5544657531187656...
[ZSP-0] PID Update fbbee1bd -> 7aead189
[Blockchain] PID update fbbee1 -> 7aead1
[ZSP-0] UAV 新 PID 更新: 7aead1...
[ZSP-0] 新 CRP 是: 1.4081373560562208e+61 0.378618154380314...
[ZSP-0] 会话密钥建立: 0xa9c4656fb84a7e90310257b6e30a05506c802918842c5e3bac860cd302b1690c
[ZSP-1] PID Event fbbee1 -> 7aead1
[ZSP-1] PID Sync fbbee1bd -> 7aead189

===== 检查 ZSP2 是否同步 PID =====
[TEST] ZSP2 已同步 PID
[UAV-1] Handover ZSP-0 → ZSP-1
[DEBUG] UAV-1 connected to 10.1.1.2:9999
[UAV-1] Connected to ZSP-1
[UAV-1] Trigger D2Z Authentication
[Schedule] 计划在 0.5s 后发起 D2Z 认证...
[UAV-1] 发送 M1 请求, Ni=0.1437...
[ZSP-1] M1 验证通过. UAV=1, Ni=0.1437...
[UAV-1] 验证 ZSP 成功! 收到 Ns=0.3503...
[UAV-1] 发送 M3 和 M4 确认消息.
[UAV-1] 会话密钥建立: 0x9f05882d7aa740ec8fa6fd2d5a4806de8c2110d612321c6ac9c87c74669c0469
[ZSP-1] M3/M4 验证通过. UAV=1, Ni=0.9172...
[ZSP-1] 旧 CRP 是: 1.4081373560562208e+61 0.37861815438...
[ZSP-1] PID Update 7aead189 -> 5cd501bd
[Blockchain] PID update 7aead1 -> 5cd501
[ZSP-1] UAV 新 PID 更新: 5cd501...
[ZSP-1] 新 CRP 是: 1.155965497025478e+61 0.7878301420560871...
[ZSP-1] 会话密钥建立: 0x9f05882d7aa740ec8fa6fd2d5a4806de8c2110d612321c6ac9c87c74669c0469
[ZSP-0] PID Event 7aead1 -> 5cd501
[ZSP-0] PID Sync 7aead189 -> 5cd501bd
[Blockchain] Adapter destroyed
